2019-07-02 16:35:23,690 - Log4JLogChute initialized using file 'velocity.log'
2019-07-02 16:35:23,691 - Initializing Velocity, Calling init()...
2019-07-02 16:35:23,691 - Starting Apache Velocity v1.7 (compiled: 2010-11-19 12:14:37)
2019-07-02 16:35:23,691 - Default Properties File: org/apache/velocity/runtime/defaults/velocity.properties
2019-07-02 16:35:23,691 - Trying to use logger class org.apache.velocity.runtime.log.AvalonLogChute
2019-07-02 16:35:23,691 - Target log system for org.apache.velocity.runtime.log.AvalonLogChute is not available (java.lang.NoClassDefFoundError: org/apache/log/Priority).  Falling back to next log system...
2019-07-02 16:35:23,691 - Trying to use logger class org.apache.velocity.runtime.log.Log4JLogChute
2019-07-02 16:35:23,691 - Using logger class org.apache.velocity.runtime.log.Log4JLogChute
2019-07-02 16:35:23,698 - ResourceLoader instantiated: org.apache.velocity.runtime.resource.loader.ClasspathResourceLoader
2019-07-02 16:35:23,721 - ResourceCache: initialized (class org.apache.velocity.runtime.resource.ResourceCacheImpl) with class java.util.Collections$SynchronizedMap cache map.
2019-07-02 16:35:23,725 - Loaded System Directive: org.apache.velocity.runtime.directive.Stop
2019-07-02 16:35:23,726 - Loaded System Directive: org.apache.velocity.runtime.directive.Define
2019-07-02 16:35:23,727 - Loaded System Directive: org.apache.velocity.runtime.directive.Break
2019-07-02 16:35:23,729 - Loaded System Directive: org.apache.velocity.runtime.directive.Evaluate
2019-07-02 16:35:23,730 - Loaded System Directive: org.apache.velocity.runtime.directive.Literal
2019-07-02 16:35:23,731 - Loaded System Directive: org.apache.velocity.runtime.directive.Macro
2019-07-02 16:35:23,734 - Loaded System Directive: org.apache.velocity.runtime.directive.Parse
2019-07-02 16:35:23,736 - Loaded System Directive: org.apache.velocity.runtime.directive.Include
2019-07-02 16:35:23,738 - Loaded System Directive: org.apache.velocity.runtime.directive.Foreach
2019-07-02 16:35:23,771 - Created '20' parsers.
2019-07-02 16:35:23,776 - Velocimacro : "velocimacro.library" is not set.  Trying default library: VM_global_library.vm
2019-07-02 16:35:23,781 - Could not load resource 'VM_global_library.vm' from ResourceLoader org.apache.velocity.runtime.resource.loader.ClasspathResourceLoader: ClasspathResourceLoader Error: cannot find resource VM_global_library.vm
2019-07-02 16:35:23,781 - Velocimacro : Default library not found.
2019-07-02 16:35:23,781 - Velocimacro : allowInline = true : VMs can be defined inline in templates
2019-07-02 16:35:23,781 - Velocimacro : allowInlineToOverride = false : VMs defined inline may NOT replace previous VM definitions
2019-07-02 16:35:23,781 - Velocimacro : allowInlineLocal = false : VMs defined inline will be global in scope if allowed.
2019-07-02 16:35:23,782 - Velocimacro : autoload off : VM system will not automatically reload global library macros
2019-07-02 16:35:23,836 - ResourceManager : found /templates/entity.java.vm with loader org.apache.velocity.runtime.resource.loader.ClasspathResourceLoader
2019-07-02 16:35:23,856 - Left side (${versionFieldName}) of '==' operation has null value. If it is a reference, it may not be in the context or its toString() returned null. /templates/entity.java.vm[line 72, column 26]
2019-07-02 16:35:23,856 - Left side (${logicDeleteFieldName}) of '==' operation has null value. If it is a reference, it may not be in the context or its toString() returned null. /templates/entity.java.vm[line 76, column 30]
2019-07-02 16:35:23,856 - Left side (${versionFieldName}) of '==' operation has null value. If it is a reference, it may not be in the context or its toString() returned null. /templates/entity.java.vm[line 72, column 26]
2019-07-02 16:35:23,856 - Left side (${logicDeleteFieldName}) of '==' operation has null value. If it is a reference, it may not be in the context or its toString() returned null. /templates/entity.java.vm[line 76, column 30]
2019-07-02 16:35:23,856 - Left side (${versionFieldName}) of '==' operation has null value. If it is a reference, it may not be in the context or its toString() returned null. /templates/entity.java.vm[line 72, column 26]
2019-07-02 16:35:23,856 - Left side (${logicDeleteFieldName}) of '==' operation has null value. If it is a reference, it may not be in the context or its toString() returned null. /templates/entity.java.vm[line 76, column 30]
2019-07-02 16:35:23,856 - Left side (${versionFieldName}) of '==' operation has null value. If it is a reference, it may not be in the context or its toString() returned null. /templates/entity.java.vm[line 72, column 26]
2019-07-02 16:35:23,856 - Left side (${logicDeleteFieldName}) of '==' operation has null value. If it is a reference, it may not be in the context or its toString() returned null. /templates/entity.java.vm[line 76, column 30]
2019-07-02 16:35:23,857 - Left side (${versionFieldName}) of '==' operation has null value. If it is a reference, it may not be in the context or its toString() returned null. /templates/entity.java.vm[line 72, column 26]
2019-07-02 16:35:23,857 - Left side (${logicDeleteFieldName}) of '==' operation has null value. If it is a reference, it may not be in the context or its toString() returned null. /templates/entity.java.vm[line 76, column 30]
2019-07-02 16:35:23,866 - ResourceManager : found /templates/mapper.java.vm with loader org.apache.velocity.runtime.resource.loader.ClasspathResourceLoader
2019-07-02 16:35:23,871 - ResourceManager : found /templates/mapper.xml.vm with loader org.apache.velocity.runtime.resource.loader.ClasspathResourceLoader
2019-07-02 16:35:23,874 - ResourceManager : found /templates/service.java.vm with loader org.apache.velocity.runtime.resource.loader.ClasspathResourceLoader
2019-07-02 16:35:23,876 - ResourceManager : found /templates/serviceImpl.java.vm with loader org.apache.velocity.runtime.resource.loader.ClasspathResourceLoader
2019-07-02 16:35:23,878 - ResourceManager : found /templates/controller.java.vm with loader org.apache.velocity.runtime.resource.loader.ClasspathResourceLoader
